2025-11-19T07:28:45.096Z  ERROR: (node:18660) [MONGODB DRIVER] Warning: useNewUrlParser is a deprecated option: useNewUrlParser has no effect since Node.js Driver version 4.0.0 and will be removed in the next major version
(Use `node --trace-warnings ...` to show where the warning was created)
2025-11-19T07:28:45.107Z  ERROR: (node:18660) [MONGODB DRIVER] Warning: useUnifiedTopology is a deprecated option: useUnifiedTopology has no effect since Node.js Driver version 4.0.0 and will be removed in the next major version
2025-11-19T07:28:45.108Z  INFO: Server Running on 5000
2025-11-19T07:28:45.851Z  INFO: MongoDB connected
2025-11-19T07:30:28.367Z  INFO: [dotenv@17.2.3] injecting env (8) from .env [2m-- tip: ⚙️  override existing env vars with { override: true }[0m
2025-11-19T07:30:32.319Z  ERROR: (node:4412) [MONGODB DRIVER] Warning: useNewUrlParser is a deprecated option: useNewUrlParser has no effect since Node.js Driver version 4.0.0 and will be removed in the next major version
(Use `node --trace-warnings ...` to show where the warning was created)
2025-11-19T07:30:32.319Z  ERROR: (node:4412) [MONGODB DRIVER] Warning: useUnifiedTopology is a deprecated option: useUnifiedTopology has no effect since Node.js Driver version 4.0.0 and will be removed in the next major version
2025-11-19T07:30:32.320Z  INFO: Server Running on 5000
2025-11-19T07:30:33.097Z  INFO: MongoDB connected
2025-11-19T07:31:09.579Z  INFO: [dotenv@17.2.3] injecting env (8) from .env [2m-- tip: 🔐 prevent committing .env to code: https://dotenvx.com/precommit[0m
2025-11-19T07:31:11.931Z  ERROR: (node:9632) [MONGODB DRIVER] Warning: useNewUrlParser is a deprecated option: useNewUrlParser has no effect since Node.js Driver version 4.0.0 and will be removed in the next major version
(Use `node --trace-warnings ...` to show where the warning was created)
2025-11-19T07:31:11.931Z  ERROR: (node:9632) [MONGODB DRIVER] Warning: useUnifiedTopology is a deprecated option: useUnifiedTopology has no effect since Node.js Driver version 4.0.0 and will be removed in the next major version
2025-11-19T07:31:11.931Z  INFO: Server Running on 5000
2025-11-19T07:31:12.550Z  INFO: MongoDB connected
2025-11-19T07:32:44.279Z  INFO: [dotenv@17.2.3] injecting env (8) from .env [2m-- tip: 🔐 prevent building .env in docker: https://dotenvx.com/prebuild[0m
2025-11-19T07:32:47.458Z  ERROR: (node:19224) [MONGODB DRIVER] Warning: useNewUrlParser is a deprecated option: useNewUrlParser has no effect since Node.js Driver version 4.0.0 and will be removed in the next major version
(Use `node --trace-warnings ...` to show where the warning was created)
2025-11-19T07:32:47.458Z  ERROR: (node:19224) [MONGODB DRIVER] Warning: useUnifiedTopology is a deprecated option: useUnifiedTopology has no effect since Node.js Driver version 4.0.0 and will be removed in the next major version
2025-11-19T07:32:47.459Z  INFO: Server Running on 5000
2025-11-19T07:32:48.168Z  INFO: MongoDB connected
2025-11-19T07:33:09.931Z  INFO: [dotenv@17.2.3] injecting env (8) from .env [2m-- tip: 📡 add observability to secrets: https://dotenvx.com/ops[0m
2025-11-19T07:33:14.119Z  ERROR: (node:6468) [MONGODB DRIVER] Warning: useNewUrlParser is a deprecated option: useNewUrlParser has no effect since Node.js Driver version 4.0.0 and will be removed in the next major version
(Use `node --trace-warnings ...` to show where the warning was created)
2025-11-19T07:33:14.120Z  ERROR: (node:6468) [MONGODB DRIVER] Warning: useUnifiedTopology is a deprecated option: useUnifiedTopology has no effect since Node.js Driver version 4.0.0 and will be removed in the next major version
2025-11-19T07:33:14.121Z  INFO: Server Running on 5000
2025-11-19T07:33:14.801Z  INFO: MongoDB connected
2025-11-19T07:33:27.617Z  INFO: [dotenv@17.2.3] injecting env (8) from .env [2m-- tip: ⚙️  specify custom .env file path with { path: '/custom/path/.env' }[0m
2025-11-19T07:33:30.591Z  ERROR: (node:5848) [MONGODB DRIVER] Warning: useNewUrlParser is a deprecated option: useNewUrlParser has no effect since Node.js Driver version 4.0.0 and will be removed in the next major version
(Use `node --trace-warnings ...` to show where the warning was created)
2025-11-19T07:33:30.591Z  ERROR: (node:5848) [MONGODB DRIVER] Warning: useUnifiedTopology is a deprecated option: useUnifiedTopology has no effect since Node.js Driver version 4.0.0 and will be removed in the next major version
2025-11-19T07:33:30.591Z  INFO: Server Running on 5000
2025-11-19T07:33:31.124Z  INFO: MongoDB connected
2025-11-19T07:34:20.090Z  INFO: [dotenv@17.2.3] injecting env (8) from .env [2m-- tip: ⚙️  suppress all logs with { quiet: true }[0m
2025-11-19T07:34:23.475Z  ERROR: (node:1748) [MONGODB DRIVER] Warning: useNewUrlParser is a deprecated option: useNewUrlParser has no effect since Node.js Driver version 4.0.0 and will be removed in the next major version
(Use `node --trace-warnings ...` to show where the warning was created)
2025-11-19T07:34:23.476Z  ERROR: (node:1748) [MONGODB DRIVER] Warning: useUnifiedTopology is a deprecated option: useUnifiedTopology has no effect since Node.js Driver version 4.0.0 and will be removed in the next major version
2025-11-19T07:34:23.477Z  INFO: Server Running on 5000
2025-11-19T07:34:24.151Z  INFO: MongoDB connected
2025-11-19T07:36:08.666Z  INFO: [dotenv@17.2.3] injecting env (8) from .env [2m-- tip: ⚙️  suppress all logs with { quiet: true }[0m
2025-11-19T07:36:11.507Z  ERROR: (node:14744) [MONGODB DRIVER] Warning: useNewUrlParser is a deprecated option: useNewUrlParser has no effect since Node.js Driver version 4.0.0 and will be removed in the next major version
(Use `node --trace-warnings ...` to show where the warning was created)
2025-11-19T07:36:11.507Z  ERROR: (node:14744) [MONGODB DRIVER] Warning: useUnifiedTopology is a deprecated option: useUnifiedTopology has no effect since Node.js Driver version 4.0.0 and will be removed in the next major version
2025-11-19T07:36:11.508Z  INFO: Server Running on 5000
2025-11-19T07:36:12.190Z  INFO: MongoDB connected
